<?xml version="1.0" encoding="UTF-8"?>
<!-- Generated by org.testng.reporters.JUnitReportReporter -->
<testsuite skipped="0" hostname="LAPHN518"
	name="makeInput.ExcecutionEngine" tests="1" failures="0"
	timestamp="2020-08-12T13:49:48 MESZ" time="0.004" errors="0">
	<testcase name="testJUnitMessage" time="0.004"
		classname="makeInput.ExcecutionEngine" />
	<system-out />
</testsuite> <!-- makeInput.ExcecutionEngine -->
